ERROR - 2023-09-03 19:33:14 --> mysqli_sql_exception: Cannot add or update a child row: a foreign key constraint fails (`atelier-teste`.`usuarios`, CONSTRAINT `usuarios_empresa_id_foreign` FOREIGN KEY (`empresa_id`) REFERENCES `empresas` (`id`)) in C:\wamp64\www\Atelier\backend\system\Database\MySQLi\Connection.php:295
Stack trace:
#0 C:\wamp64\www\Atelier\backend\system\Database\MySQLi\Connection.php(295): mysqli->query('INSERT INTO `us...', 0)
#1 C:\wamp64\www\Atelier\backend\system\Database\BaseConnection.php(691): CodeIgniter\Database\MySQLi\Connection->execute('INSERT INTO `us...')
#2 C:\wamp64\www\Atelier\backend\system\Database\BaseConnection.php(605): CodeIgniter\Database\BaseConnection->simpleQuery('INSERT INTO `us...')
#3 C:\wamp64\www\Atelier\backend\system\Database\BaseBuilder.php(2295): CodeIgniter\Database\BaseConnection->query('INSERT INTO `us...', Array, false)
#4 C:\wamp64\www\Atelier\backend\system\Model.php(329): CodeIgniter\Database\BaseBuilder->insert()
#5 C:\wamp64\www\Atelier\backend\system\BaseModel.php(782): CodeIgniter\Model->doInsert(Array)
#6 C:\wamp64\www\Atelier\backend\system\Model.php(729): CodeIgniter\BaseModel->insert(Array, false)
#7 C:\wamp64\www\Atelier\backend\system\BaseModel.php(692): CodeIgniter\Model->insert(Array, false)
#8 C:\wamp64\www\Atelier\backend\app\Controllers\Usuarios\Usuarios.php(76): CodeIgniter\BaseModel->save(Array)
#9 C:\wamp64\www\Atelier\backend\system\CodeIgniter.php(934): App\Controllers\Usuarios\Usuarios->novo()
#10 C:\wamp64\www\Atelier\backend\system\CodeIgniter.php(499): CodeIgniter\CodeIgniter->runController(Object(App\Controllers\Usuarios\Usuarios))
#11 C:\wamp64\www\Atelier\backend\system\CodeIgniter.php(368): CodeIgniter\CodeIgniter->handleRequest(NULL, Object(Config\Cache), false)
#12 C:\wamp64\www\Atelier\backend\public\index.php(67): CodeIgniter\CodeIgniter->run()
#13 C:\wamp64\www\Atelier\backend\system\Commands\Server\rewrite.php(47): require_once('C:\\wamp64\\www\\A...')
#14 {main}
CRITICAL - 2023-09-03 19:33:14 --> Cannot add or update a child row: a foreign key constraint fails (`atelier-teste`.`usuarios`, CONSTRAINT `usuarios_empresa_id_foreign` FOREIGN KEY (`empresa_id`) REFERENCES `empresas` (`id`))
in SYSTEMPATH\Database\BaseConnection.php on line 645.
 1 SYSTEMPATH\Database\BaseBuilder.php(2295): CodeIgniter\Database\BaseConnection->query('INSERT INTO `usuarios` (`usuario`, `senha`, `empresa_id`) VALUES (:usuario:, :senha:, :empresa_id:)', [...], false)
 2 SYSTEMPATH\Model.php(329): CodeIgniter\Database\BaseBuilder->insert()
 3 SYSTEMPATH\BaseModel.php(782): CodeIgniter\Model->doInsert([...])
 4 SYSTEMPATH\Model.php(729): CodeIgniter\BaseModel->insert([...], false)
 5 SYSTEMPATH\BaseModel.php(692): CodeIgniter\Model->insert([...], false)
 6 APPPATH\Controllers\Usuarios\Usuarios.php(76): CodeIgniter\BaseModel->save([...])
 7 SYSTEMPATH\CodeIgniter.php(934): App\Controllers\Usuarios\Usuarios->novo()
 8 SYSTEMPATH\CodeIgniter.php(499): CodeIgniter\CodeIgniter->runController(Object(App\Controllers\Usuarios\Usuarios))
 9 SYSTEMPATH\CodeIgniter.php(368): CodeIgniter\CodeIgniter->handleRequest(null, Object(Config\Cache), false)
10 FCPATH\index.php(67): CodeIgniter\CodeIgniter->run()
11 SYSTEMPATH\Commands\Server\rewrite.php(47): require_once('FCPATH\\index.php')
ERROR - 2023-09-03 19:33:20 --> mysqli_sql_exception: Cannot add or update a child row: a foreign key constraint fails (`atelier-teste`.`usuarios`, CONSTRAINT `usuarios_empresa_id_foreign` FOREIGN KEY (`empresa_id`) REFERENCES `empresas` (`id`)) in C:\wamp64\www\Atelier\backend\system\Database\MySQLi\Connection.php:295
Stack trace:
#0 C:\wamp64\www\Atelier\backend\system\Database\MySQLi\Connection.php(295): mysqli->query('INSERT INTO `us...', 0)
#1 C:\wamp64\www\Atelier\backend\system\Database\BaseConnection.php(691): CodeIgniter\Database\MySQLi\Connection->execute('INSERT INTO `us...')
#2 C:\wamp64\www\Atelier\backend\system\Database\BaseConnection.php(605): CodeIgniter\Database\BaseConnection->simpleQuery('INSERT INTO `us...')
#3 C:\wamp64\www\Atelier\backend\system\Database\BaseBuilder.php(2295): CodeIgniter\Database\BaseConnection->query('INSERT INTO `us...', Array, false)
#4 C:\wamp64\www\Atelier\backend\system\Model.php(329): CodeIgniter\Database\BaseBuilder->insert()
#5 C:\wamp64\www\Atelier\backend\system\BaseModel.php(782): CodeIgniter\Model->doInsert(Array)
#6 C:\wamp64\www\Atelier\backend\system\Model.php(729): CodeIgniter\BaseModel->insert(Array, false)
#7 C:\wamp64\www\Atelier\backend\system\BaseModel.php(692): CodeIgniter\Model->insert(Array, false)
#8 C:\wamp64\www\Atelier\backend\app\Controllers\Usuarios\Usuarios.php(76): CodeIgniter\BaseModel->save(Array)
#9 C:\wamp64\www\Atelier\backend\system\CodeIgniter.php(934): App\Controllers\Usuarios\Usuarios->novo()
#10 C:\wamp64\www\Atelier\backend\system\CodeIgniter.php(499): CodeIgniter\CodeIgniter->runController(Object(App\Controllers\Usuarios\Usuarios))
#11 C:\wamp64\www\Atelier\backend\system\CodeIgniter.php(368): CodeIgniter\CodeIgniter->handleRequest(NULL, Object(Config\Cache), false)
#12 C:\wamp64\www\Atelier\backend\public\index.php(67): CodeIgniter\CodeIgniter->run()
#13 C:\wamp64\www\Atelier\backend\system\Commands\Server\rewrite.php(47): require_once('C:\\wamp64\\www\\A...')
#14 {main}
CRITICAL - 2023-09-03 19:33:20 --> Cannot add or update a child row: a foreign key constraint fails (`atelier-teste`.`usuarios`, CONSTRAINT `usuarios_empresa_id_foreign` FOREIGN KEY (`empresa_id`) REFERENCES `empresas` (`id`))
in SYSTEMPATH\Database\BaseConnection.php on line 645.
 1 SYSTEMPATH\Database\BaseBuilder.php(2295): CodeIgniter\Database\BaseConnection->query('INSERT INTO `usuarios` (`usuario`, `senha`, `empresa_id`) VALUES (:usuario:, :senha:, :empresa_id:)', [...], false)
 2 SYSTEMPATH\Model.php(329): CodeIgniter\Database\BaseBuilder->insert()
 3 SYSTEMPATH\BaseModel.php(782): CodeIgniter\Model->doInsert([...])
 4 SYSTEMPATH\Model.php(729): CodeIgniter\BaseModel->insert([...], false)
 5 SYSTEMPATH\BaseModel.php(692): CodeIgniter\Model->insert([...], false)
 6 APPPATH\Controllers\Usuarios\Usuarios.php(76): CodeIgniter\BaseModel->save([...])
 7 SYSTEMPATH\CodeIgniter.php(934): App\Controllers\Usuarios\Usuarios->novo()
 8 SYSTEMPATH\CodeIgniter.php(499): CodeIgniter\CodeIgniter->runController(Object(App\Controllers\Usuarios\Usuarios))
 9 SYSTEMPATH\CodeIgniter.php(368): CodeIgniter\CodeIgniter->handleRequest(null, Object(Config\Cache), false)
10 FCPATH\index.php(67): CodeIgniter\CodeIgniter->run()
11 SYSTEMPATH\Commands\Server\rewrite.php(47): require_once('FCPATH\\index.php')
ERROR - 2023-09-03 19:35:38 --> mysqli_sql_exception: Cannot add or update a child row: a foreign key constraint fails (`atelier-teste`.`usuarios`, CONSTRAINT `usuarios_empresa_id_foreign` FOREIGN KEY (`empresa_id`) REFERENCES `empresas` (`id`)) in C:\wamp64\www\Atelier\backend\system\Database\MySQLi\Connection.php:295
Stack trace:
#0 C:\wamp64\www\Atelier\backend\system\Database\MySQLi\Connection.php(295): mysqli->query('INSERT INTO `us...', 0)
#1 C:\wamp64\www\Atelier\backend\system\Database\BaseConnection.php(691): CodeIgniter\Database\MySQLi\Connection->execute('INSERT INTO `us...')
#2 C:\wamp64\www\Atelier\backend\system\Database\BaseConnection.php(605): CodeIgniter\Database\BaseConnection->simpleQuery('INSERT INTO `us...')
#3 C:\wamp64\www\Atelier\backend\system\Database\BaseBuilder.php(2295): CodeIgniter\Database\BaseConnection->query('INSERT INTO `us...', Array, false)
#4 C:\wamp64\www\Atelier\backend\system\Model.php(329): CodeIgniter\Database\BaseBuilder->insert()
#5 C:\wamp64\www\Atelier\backend\system\BaseModel.php(782): CodeIgniter\Model->doInsert(Array)
#6 C:\wamp64\www\Atelier\backend\system\Model.php(729): CodeIgniter\BaseModel->insert(Array, false)
#7 C:\wamp64\www\Atelier\backend\system\BaseModel.php(692): CodeIgniter\Model->insert(Array, false)
#8 C:\wamp64\www\Atelier\backend\app\Controllers\Usuarios\Usuarios.php(76): CodeIgniter\BaseModel->save(Array)
#9 C:\wamp64\www\Atelier\backend\system\CodeIgniter.php(934): App\Controllers\Usuarios\Usuarios->novo()
#10 C:\wamp64\www\Atelier\backend\system\CodeIgniter.php(499): CodeIgniter\CodeIgniter->runController(Object(App\Controllers\Usuarios\Usuarios))
#11 C:\wamp64\www\Atelier\backend\system\CodeIgniter.php(368): CodeIgniter\CodeIgniter->handleRequest(NULL, Object(Config\Cache), false)
#12 C:\wamp64\www\Atelier\backend\public\index.php(67): CodeIgniter\CodeIgniter->run()
#13 C:\wamp64\www\Atelier\backend\system\Commands\Server\rewrite.php(47): require_once('C:\\wamp64\\www\\A...')
#14 {main}
CRITICAL - 2023-09-03 19:35:38 --> Cannot add or update a child row: a foreign key constraint fails (`atelier-teste`.`usuarios`, CONSTRAINT `usuarios_empresa_id_foreign` FOREIGN KEY (`empresa_id`) REFERENCES `empresas` (`id`))
in SYSTEMPATH\Database\BaseConnection.php on line 645.
 1 SYSTEMPATH\Database\BaseBuilder.php(2295): CodeIgniter\Database\BaseConnection->query('INSERT INTO `usuarios` (`usuario`, `senha`, `empresa_id`) VALUES (:usuario:, :senha:, :empresa_id:)', [...], false)
 2 SYSTEMPATH\Model.php(329): CodeIgniter\Database\BaseBuilder->insert()
 3 SYSTEMPATH\BaseModel.php(782): CodeIgniter\Model->doInsert([...])
 4 SYSTEMPATH\Model.php(729): CodeIgniter\BaseModel->insert([...], false)
 5 SYSTEMPATH\BaseModel.php(692): CodeIgniter\Model->insert([...], false)
 6 APPPATH\Controllers\Usuarios\Usuarios.php(76): CodeIgniter\BaseModel->save([...])
 7 SYSTEMPATH\CodeIgniter.php(934): App\Controllers\Usuarios\Usuarios->novo()
 8 SYSTEMPATH\CodeIgniter.php(499): CodeIgniter\CodeIgniter->runController(Object(App\Controllers\Usuarios\Usuarios))
 9 SYSTEMPATH\CodeIgniter.php(368): CodeIgniter\CodeIgniter->handleRequest(null, Object(Config\Cache), false)
10 FCPATH\index.php(67): CodeIgniter\CodeIgniter->run()
11 SYSTEMPATH\Commands\Server\rewrite.php(47): require_once('FCPATH\\index.php')
ERROR - 2023-09-03 19:36:54 --> mysqli_sql_exception: Cannot add or update a child row: a foreign key constraint fails (`atelier-teste`.`usuarios`, CONSTRAINT `usuarios_empresa_id_foreign` FOREIGN KEY (`empresa_id`) REFERENCES `empresas` (`id`)) in C:\wamp64\www\Atelier\backend\system\Database\MySQLi\Connection.php:295
Stack trace:
#0 C:\wamp64\www\Atelier\backend\system\Database\MySQLi\Connection.php(295): mysqli->query('INSERT INTO `us...', 0)
#1 C:\wamp64\www\Atelier\backend\system\Database\BaseConnection.php(691): CodeIgniter\Database\MySQLi\Connection->execute('INSERT INTO `us...')
#2 C:\wamp64\www\Atelier\backend\system\Database\BaseConnection.php(605): CodeIgniter\Database\BaseConnection->simpleQuery('INSERT INTO `us...')
#3 C:\wamp64\www\Atelier\backend\system\Database\BaseBuilder.php(2295): CodeIgniter\Database\BaseConnection->query('INSERT INTO `us...', Array, false)
#4 C:\wamp64\www\Atelier\backend\system\Model.php(329): CodeIgniter\Database\BaseBuilder->insert()
#5 C:\wamp64\www\Atelier\backend\system\BaseModel.php(782): CodeIgniter\Model->doInsert(Array)
#6 C:\wamp64\www\Atelier\backend\system\Model.php(729): CodeIgniter\BaseModel->insert(Array, false)
#7 C:\wamp64\www\Atelier\backend\system\BaseModel.php(692): CodeIgniter\Model->insert(Array, false)
#8 C:\wamp64\www\Atelier\backend\app\Controllers\Usuarios\Usuarios.php(76): CodeIgniter\BaseModel->save(Array)
#9 C:\wamp64\www\Atelier\backend\system\CodeIgniter.php(934): App\Controllers\Usuarios\Usuarios->novo()
#10 C:\wamp64\www\Atelier\backend\system\CodeIgniter.php(499): CodeIgniter\CodeIgniter->runController(Object(App\Controllers\Usuarios\Usuarios))
#11 C:\wamp64\www\Atelier\backend\system\CodeIgniter.php(368): CodeIgniter\CodeIgniter->handleRequest(NULL, Object(Config\Cache), false)
#12 C:\wamp64\www\Atelier\backend\public\index.php(67): CodeIgniter\CodeIgniter->run()
#13 C:\wamp64\www\Atelier\backend\system\Commands\Server\rewrite.php(47): require_once('C:\\wamp64\\www\\A...')
#14 {main}
CRITICAL - 2023-09-03 19:36:54 --> Cannot add or update a child row: a foreign key constraint fails (`atelier-teste`.`usuarios`, CONSTRAINT `usuarios_empresa_id_foreign` FOREIGN KEY (`empresa_id`) REFERENCES `empresas` (`id`))
in SYSTEMPATH\Database\BaseConnection.php on line 645.
 1 SYSTEMPATH\Database\BaseBuilder.php(2295): CodeIgniter\Database\BaseConnection->query('INSERT INTO `usuarios` (`usuario`, `senha`, `empresa_id`) VALUES (:usuario:, :senha:, :empresa_id:)', [...], false)
 2 SYSTEMPATH\Model.php(329): CodeIgniter\Database\BaseBuilder->insert()
 3 SYSTEMPATH\BaseModel.php(782): CodeIgniter\Model->doInsert([...])
 4 SYSTEMPATH\Model.php(729): CodeIgniter\BaseModel->insert([...], false)
 5 SYSTEMPATH\BaseModel.php(692): CodeIgniter\Model->insert([...], false)
 6 APPPATH\Controllers\Usuarios\Usuarios.php(76): CodeIgniter\BaseModel->save([...])
 7 SYSTEMPATH\CodeIgniter.php(934): App\Controllers\Usuarios\Usuarios->novo()
 8 SYSTEMPATH\CodeIgniter.php(499): CodeIgniter\CodeIgniter->runController(Object(App\Controllers\Usuarios\Usuarios))
 9 SYSTEMPATH\CodeIgniter.php(368): CodeIgniter\CodeIgniter->handleRequest(null, Object(Config\Cache), false)
10 FCPATH\index.php(67): CodeIgniter\CodeIgniter->run()
11 SYSTEMPATH\Commands\Server\rewrite.php(47): require_once('FCPATH\\index.php')
ERROR - 2023-09-03 19:38:29 --> mysqli_sql_exception: Cannot add or update a child row: a foreign key constraint fails (`atelier-teste`.`usuarios`, CONSTRAINT `usuarios_empresa_id_foreign` FOREIGN KEY (`empresa_id`) REFERENCES `empresas` (`id`)) in C:\wamp64\www\Atelier\backend\system\Database\MySQLi\Connection.php:295
Stack trace:
#0 C:\wamp64\www\Atelier\backend\system\Database\MySQLi\Connection.php(295): mysqli->query('INSERT INTO `us...', 0)
#1 C:\wamp64\www\Atelier\backend\system\Database\BaseConnection.php(691): CodeIgniter\Database\MySQLi\Connection->execute('INSERT INTO `us...')
#2 C:\wamp64\www\Atelier\backend\system\Database\BaseConnection.php(605): CodeIgniter\Database\BaseConnection->simpleQuery('INSERT INTO `us...')
#3 C:\wamp64\www\Atelier\backend\system\Database\BaseBuilder.php(2295): CodeIgniter\Database\BaseConnection->query('INSERT INTO `us...', Array, false)
#4 C:\wamp64\www\Atelier\backend\system\Model.php(329): CodeIgniter\Database\BaseBuilder->insert()
#5 C:\wamp64\www\Atelier\backend\system\BaseModel.php(782): CodeIgniter\Model->doInsert(Array)
#6 C:\wamp64\www\Atelier\backend\system\Model.php(729): CodeIgniter\BaseModel->insert(Array, false)
#7 C:\wamp64\www\Atelier\backend\system\BaseModel.php(692): CodeIgniter\Model->insert(Array, false)
#8 C:\wamp64\www\Atelier\backend\app\Controllers\Usuarios\Usuarios.php(76): CodeIgniter\BaseModel->save(Array)
#9 C:\wamp64\www\Atelier\backend\system\CodeIgniter.php(934): App\Controllers\Usuarios\Usuarios->novo()
#10 C:\wamp64\www\Atelier\backend\system\CodeIgniter.php(499): CodeIgniter\CodeIgniter->runController(Object(App\Controllers\Usuarios\Usuarios))
#11 C:\wamp64\www\Atelier\backend\system\CodeIgniter.php(368): CodeIgniter\CodeIgniter->handleRequest(NULL, Object(Config\Cache), false)
#12 C:\wamp64\www\Atelier\backend\public\index.php(67): CodeIgniter\CodeIgniter->run()
#13 C:\wamp64\www\Atelier\backend\system\Commands\Server\rewrite.php(47): require_once('C:\\wamp64\\www\\A...')
#14 {main}
CRITICAL - 2023-09-03 19:38:29 --> Cannot add or update a child row: a foreign key constraint fails (`atelier-teste`.`usuarios`, CONSTRAINT `usuarios_empresa_id_foreign` FOREIGN KEY (`empresa_id`) REFERENCES `empresas` (`id`))
in SYSTEMPATH\Database\BaseConnection.php on line 645.
 1 SYSTEMPATH\Database\BaseBuilder.php(2295): CodeIgniter\Database\BaseConnection->query('INSERT INTO `usuarios` (`usuario`, `senha`, `empresa_id`) VALUES (:usuario:, :senha:, :empresa_id:)', [...], false)
 2 SYSTEMPATH\Model.php(329): CodeIgniter\Database\BaseBuilder->insert()
 3 SYSTEMPATH\BaseModel.php(782): CodeIgniter\Model->doInsert([...])
 4 SYSTEMPATH\Model.php(729): CodeIgniter\BaseModel->insert([...], false)
 5 SYSTEMPATH\BaseModel.php(692): CodeIgniter\Model->insert([...], false)
 6 APPPATH\Controllers\Usuarios\Usuarios.php(76): CodeIgniter\BaseModel->save([...])
 7 SYSTEMPATH\CodeIgniter.php(934): App\Controllers\Usuarios\Usuarios->novo()
 8 SYSTEMPATH\CodeIgniter.php(499): CodeIgniter\CodeIgniter->runController(Object(App\Controllers\Usuarios\Usuarios))
 9 SYSTEMPATH\CodeIgniter.php(368): CodeIgniter\CodeIgniter->handleRequest(null, Object(Config\Cache), false)
10 FCPATH\index.php(67): CodeIgniter\CodeIgniter->run()
11 SYSTEMPATH\Commands\Server\rewrite.php(47): require_once('FCPATH\\index.php')
ERROR - 2023-09-03 19:39:20 --> mysqli_sql_exception: Cannot add or update a child row: a foreign key constraint fails (`atelier-teste`.`usuarios`, CONSTRAINT `usuarios_empresa_id_foreign` FOREIGN KEY (`empresa_id`) REFERENCES `empresas` (`id`)) in C:\wamp64\www\Atelier\backend\system\Database\MySQLi\Connection.php:295
Stack trace:
#0 C:\wamp64\www\Atelier\backend\system\Database\MySQLi\Connection.php(295): mysqli->query('INSERT INTO `us...', 0)
#1 C:\wamp64\www\Atelier\backend\system\Database\BaseConnection.php(691): CodeIgniter\Database\MySQLi\Connection->execute('INSERT INTO `us...')
#2 C:\wamp64\www\Atelier\backend\system\Database\BaseConnection.php(605): CodeIgniter\Database\BaseConnection->simpleQuery('INSERT INTO `us...')
#3 C:\wamp64\www\Atelier\backend\system\Database\BaseBuilder.php(2295): CodeIgniter\Database\BaseConnection->query('INSERT INTO `us...', Array, false)
#4 C:\wamp64\www\Atelier\backend\system\Model.php(329): CodeIgniter\Database\BaseBuilder->insert()
#5 C:\wamp64\www\Atelier\backend\system\BaseModel.php(782): CodeIgniter\Model->doInsert(Array)
#6 C:\wamp64\www\Atelier\backend\system\Model.php(729): CodeIgniter\BaseModel->insert(Array, false)
#7 C:\wamp64\www\Atelier\backend\system\BaseModel.php(692): CodeIgniter\Model->insert(Array, false)
#8 C:\wamp64\www\Atelier\backend\app\Controllers\Usuarios\Usuarios.php(76): CodeIgniter\BaseModel->save(Array)
#9 C:\wamp64\www\Atelier\backend\system\CodeIgniter.php(934): App\Controllers\Usuarios\Usuarios->novo()
#10 C:\wamp64\www\Atelier\backend\system\CodeIgniter.php(499): CodeIgniter\CodeIgniter->runController(Object(App\Controllers\Usuarios\Usuarios))
#11 C:\wamp64\www\Atelier\backend\system\CodeIgniter.php(368): CodeIgniter\CodeIgniter->handleRequest(NULL, Object(Config\Cache), false)
#12 C:\wamp64\www\Atelier\backend\public\index.php(67): CodeIgniter\CodeIgniter->run()
#13 C:\wamp64\www\Atelier\backend\system\Commands\Server\rewrite.php(47): require_once('C:\\wamp64\\www\\A...')
#14 {main}
CRITICAL - 2023-09-03 19:39:20 --> Cannot add or update a child row: a foreign key constraint fails (`atelier-teste`.`usuarios`, CONSTRAINT `usuarios_empresa_id_foreign` FOREIGN KEY (`empresa_id`) REFERENCES `empresas` (`id`))
in SYSTEMPATH\Database\BaseConnection.php on line 645.
 1 SYSTEMPATH\Database\BaseBuilder.php(2295): CodeIgniter\Database\BaseConnection->query('INSERT INTO `usuarios` (`usuario`, `senha`, `empresa_id`) VALUES (:usuario:, :senha:, :empresa_id:)', [...], false)
 2 SYSTEMPATH\Model.php(329): CodeIgniter\Database\BaseBuilder->insert()
 3 SYSTEMPATH\BaseModel.php(782): CodeIgniter\Model->doInsert([...])
 4 SYSTEMPATH\Model.php(729): CodeIgniter\BaseModel->insert([...], false)
 5 SYSTEMPATH\BaseModel.php(692): CodeIgniter\Model->insert([...], false)
 6 APPPATH\Controllers\Usuarios\Usuarios.php(76): CodeIgniter\BaseModel->save([...])
 7 SYSTEMPATH\CodeIgniter.php(934): App\Controllers\Usuarios\Usuarios->novo()
 8 SYSTEMPATH\CodeIgniter.php(499): CodeIgniter\CodeIgniter->runController(Object(App\Controllers\Usuarios\Usuarios))
 9 SYSTEMPATH\CodeIgniter.php(368): CodeIgniter\CodeIgniter->handleRequest(null, Object(Config\Cache), false)
10 FCPATH\index.php(67): CodeIgniter\CodeIgniter->run()
11 SYSTEMPATH\Commands\Server\rewrite.php(47): require_once('FCPATH\\index.php')
ERROR - 2023-09-03 19:39:24 --> mysqli_sql_exception: Cannot add or update a child row: a foreign key constraint fails (`atelier-teste`.`usuarios`, CONSTRAINT `usuarios_empresa_id_foreign` FOREIGN KEY (`empresa_id`) REFERENCES `empresas` (`id`)) in C:\wamp64\www\Atelier\backend\system\Database\MySQLi\Connection.php:295
Stack trace:
#0 C:\wamp64\www\Atelier\backend\system\Database\MySQLi\Connection.php(295): mysqli->query('INSERT INTO `us...', 0)
#1 C:\wamp64\www\Atelier\backend\system\Database\BaseConnection.php(691): CodeIgniter\Database\MySQLi\Connection->execute('INSERT INTO `us...')
#2 C:\wamp64\www\Atelier\backend\system\Database\BaseConnection.php(605): CodeIgniter\Database\BaseConnection->simpleQuery('INSERT INTO `us...')
#3 C:\wamp64\www\Atelier\backend\system\Database\BaseBuilder.php(2295): CodeIgniter\Database\BaseConnection->query('INSERT INTO `us...', Array, false)
#4 C:\wamp64\www\Atelier\backend\system\Model.php(329): CodeIgniter\Database\BaseBuilder->insert()
#5 C:\wamp64\www\Atelier\backend\system\BaseModel.php(782): CodeIgniter\Model->doInsert(Array)
#6 C:\wamp64\www\Atelier\backend\system\Model.php(729): CodeIgniter\BaseModel->insert(Array, false)
#7 C:\wamp64\www\Atelier\backend\system\BaseModel.php(692): CodeIgniter\Model->insert(Array, false)
#8 C:\wamp64\www\Atelier\backend\app\Controllers\Usuarios\Usuarios.php(76): CodeIgniter\BaseModel->save(Array)
#9 C:\wamp64\www\Atelier\backend\system\CodeIgniter.php(934): App\Controllers\Usuarios\Usuarios->novo()
#10 C:\wamp64\www\Atelier\backend\system\CodeIgniter.php(499): CodeIgniter\CodeIgniter->runController(Object(App\Controllers\Usuarios\Usuarios))
#11 C:\wamp64\www\Atelier\backend\system\CodeIgniter.php(368): CodeIgniter\CodeIgniter->handleRequest(NULL, Object(Config\Cache), false)
#12 C:\wamp64\www\Atelier\backend\public\index.php(67): CodeIgniter\CodeIgniter->run()
#13 C:\wamp64\www\Atelier\backend\system\Commands\Server\rewrite.php(47): require_once('C:\\wamp64\\www\\A...')
#14 {main}
CRITICAL - 2023-09-03 19:39:24 --> Cannot add or update a child row: a foreign key constraint fails (`atelier-teste`.`usuarios`, CONSTRAINT `usuarios_empresa_id_foreign` FOREIGN KEY (`empresa_id`) REFERENCES `empresas` (`id`))
in SYSTEMPATH\Database\BaseConnection.php on line 645.
 1 SYSTEMPATH\Database\BaseBuilder.php(2295): CodeIgniter\Database\BaseConnection->query('INSERT INTO `usuarios` (`usuario`, `senha`, `empresa_id`) VALUES (:usuario:, :senha:, :empresa_id:)', [...], false)
 2 SYSTEMPATH\Model.php(329): CodeIgniter\Database\BaseBuilder->insert()
 3 SYSTEMPATH\BaseModel.php(782): CodeIgniter\Model->doInsert([...])
 4 SYSTEMPATH\Model.php(729): CodeIgniter\BaseModel->insert([...], false)
 5 SYSTEMPATH\BaseModel.php(692): CodeIgniter\Model->insert([...], false)
 6 APPPATH\Controllers\Usuarios\Usuarios.php(76): CodeIgniter\BaseModel->save([...])
 7 SYSTEMPATH\CodeIgniter.php(934): App\Controllers\Usuarios\Usuarios->novo()
 8 SYSTEMPATH\CodeIgniter.php(499): CodeIgniter\CodeIgniter->runController(Object(App\Controllers\Usuarios\Usuarios))
 9 SYSTEMPATH\CodeIgniter.php(368): CodeIgniter\CodeIgniter->handleRequest(null, Object(Config\Cache), false)
10 FCPATH\index.php(67): CodeIgniter\CodeIgniter->run()
11 SYSTEMPATH\Commands\Server\rewrite.php(47): require_once('FCPATH\\index.php')
ERROR - 2023-09-03 19:39:55 --> mysqli_sql_exception: Cannot add or update a child row: a foreign key constraint fails (`atelier-teste`.`usuarios`, CONSTRAINT `usuarios_empresa_id_foreign` FOREIGN KEY (`empresa_id`) REFERENCES `empresas` (`id`)) in C:\wamp64\www\Atelier\backend\system\Database\MySQLi\Connection.php:295
Stack trace:
#0 C:\wamp64\www\Atelier\backend\system\Database\MySQLi\Connection.php(295): mysqli->query('INSERT INTO `us...', 0)
#1 C:\wamp64\www\Atelier\backend\system\Database\BaseConnection.php(691): CodeIgniter\Database\MySQLi\Connection->execute('INSERT INTO `us...')
#2 C:\wamp64\www\Atelier\backend\system\Database\BaseConnection.php(605): CodeIgniter\Database\BaseConnection->simpleQuery('INSERT INTO `us...')
#3 C:\wamp64\www\Atelier\backend\system\Database\BaseBuilder.php(2295): CodeIgniter\Database\BaseConnection->query('INSERT INTO `us...', Array, false)
#4 C:\wamp64\www\Atelier\backend\system\Model.php(329): CodeIgniter\Database\BaseBuilder->insert()
#5 C:\wamp64\www\Atelier\backend\system\BaseModel.php(782): CodeIgniter\Model->doInsert(Array)
#6 C:\wamp64\www\Atelier\backend\system\Model.php(729): CodeIgniter\BaseModel->insert(Array, false)
#7 C:\wamp64\www\Atelier\backend\system\BaseModel.php(692): CodeIgniter\Model->insert(Array, false)
#8 C:\wamp64\www\Atelier\backend\app\Controllers\Usuarios\Usuarios.php(76): CodeIgniter\BaseModel->save(Array)
#9 C:\wamp64\www\Atelier\backend\system\CodeIgniter.php(934): App\Controllers\Usuarios\Usuarios->novo()
#10 C:\wamp64\www\Atelier\backend\system\CodeIgniter.php(499): CodeIgniter\CodeIgniter->runController(Object(App\Controllers\Usuarios\Usuarios))
#11 C:\wamp64\www\Atelier\backend\system\CodeIgniter.php(368): CodeIgniter\CodeIgniter->handleRequest(NULL, Object(Config\Cache), false)
#12 C:\wamp64\www\Atelier\backend\public\index.php(67): CodeIgniter\CodeIgniter->run()
#13 C:\wamp64\www\Atelier\backend\system\Commands\Server\rewrite.php(47): require_once('C:\\wamp64\\www\\A...')
#14 {main}
CRITICAL - 2023-09-03 19:39:55 --> Cannot add or update a child row: a foreign key constraint fails (`atelier-teste`.`usuarios`, CONSTRAINT `usuarios_empresa_id_foreign` FOREIGN KEY (`empresa_id`) REFERENCES `empresas` (`id`))
in SYSTEMPATH\Database\BaseConnection.php on line 645.
 1 SYSTEMPATH\Database\BaseBuilder.php(2295): CodeIgniter\Database\BaseConnection->query('INSERT INTO `usuarios` (`usuario`, `senha`, `empresa_id`) VALUES (:usuario:, :senha:, :empresa_id:)', [...], false)
 2 SYSTEMPATH\Model.php(329): CodeIgniter\Database\BaseBuilder->insert()
 3 SYSTEMPATH\BaseModel.php(782): CodeIgniter\Model->doInsert([...])
 4 SYSTEMPATH\Model.php(729): CodeIgniter\BaseModel->insert([...], false)
 5 SYSTEMPATH\BaseModel.php(692): CodeIgniter\Model->insert([...], false)
 6 APPPATH\Controllers\Usuarios\Usuarios.php(76): CodeIgniter\BaseModel->save([...])
 7 SYSTEMPATH\CodeIgniter.php(934): App\Controllers\Usuarios\Usuarios->novo()
 8 SYSTEMPATH\CodeIgniter.php(499): CodeIgniter\CodeIgniter->runController(Object(App\Controllers\Usuarios\Usuarios))
 9 SYSTEMPATH\CodeIgniter.php(368): CodeIgniter\CodeIgniter->handleRequest(null, Object(Config\Cache), false)
10 FCPATH\index.php(67): CodeIgniter\CodeIgniter->run()
11 SYSTEMPATH\Commands\Server\rewrite.php(47): require_once('FCPATH\\index.php')
ERROR - 2023-09-03 19:41:07 --> mysqli_sql_exception: Cannot add or update a child row: a foreign key constraint fails (`atelier-teste`.`usuarios`, CONSTRAINT `usuarios_empresa_id_foreign` FOREIGN KEY (`empresa_id`) REFERENCES `empresas` (`id`)) in C:\wamp64\www\Atelier\backend\system\Database\MySQLi\Connection.php:295
Stack trace:
#0 C:\wamp64\www\Atelier\backend\system\Database\MySQLi\Connection.php(295): mysqli->query('INSERT INTO `us...', 0)
#1 C:\wamp64\www\Atelier\backend\system\Database\BaseConnection.php(691): CodeIgniter\Database\MySQLi\Connection->execute('INSERT INTO `us...')
#2 C:\wamp64\www\Atelier\backend\system\Database\BaseConnection.php(605): CodeIgniter\Database\BaseConnection->simpleQuery('INSERT INTO `us...')
#3 C:\wamp64\www\Atelier\backend\system\Database\BaseBuilder.php(2295): CodeIgniter\Database\BaseConnection->query('INSERT INTO `us...', Array, false)
#4 C:\wamp64\www\Atelier\backend\system\Model.php(329): CodeIgniter\Database\BaseBuilder->insert()
#5 C:\wamp64\www\Atelier\backend\system\BaseModel.php(782): CodeIgniter\Model->doInsert(Array)
#6 C:\wamp64\www\Atelier\backend\system\Model.php(729): CodeIgniter\BaseModel->insert(Array, false)
#7 C:\wamp64\www\Atelier\backend\system\BaseModel.php(692): CodeIgniter\Model->insert(Array, false)
#8 C:\wamp64\www\Atelier\backend\app\Controllers\Usuarios\Usuarios.php(76): CodeIgniter\BaseModel->save(Array)
#9 C:\wamp64\www\Atelier\backend\system\CodeIgniter.php(934): App\Controllers\Usuarios\Usuarios->novo()
#10 C:\wamp64\www\Atelier\backend\system\CodeIgniter.php(499): CodeIgniter\CodeIgniter->runController(Object(App\Controllers\Usuarios\Usuarios))
#11 C:\wamp64\www\Atelier\backend\system\CodeIgniter.php(368): CodeIgniter\CodeIgniter->handleRequest(NULL, Object(Config\Cache), false)
#12 C:\wamp64\www\Atelier\backend\public\index.php(67): CodeIgniter\CodeIgniter->run()
#13 C:\wamp64\www\Atelier\backend\system\Commands\Server\rewrite.php(47): require_once('C:\\wamp64\\www\\A...')
#14 {main}
CRITICAL - 2023-09-03 19:41:07 --> Cannot add or update a child row: a foreign key constraint fails (`atelier-teste`.`usuarios`, CONSTRAINT `usuarios_empresa_id_foreign` FOREIGN KEY (`empresa_id`) REFERENCES `empresas` (`id`))
in SYSTEMPATH\Database\BaseConnection.php on line 645.
 1 SYSTEMPATH\Database\BaseBuilder.php(2295): CodeIgniter\Database\BaseConnection->query('INSERT INTO `usuarios` (`usuario`, `senha`, `empresa_id`) VALUES (:usuario:, :senha:, :empresa_id:)', [...], false)
 2 SYSTEMPATH\Model.php(329): CodeIgniter\Database\BaseBuilder->insert()
 3 SYSTEMPATH\BaseModel.php(782): CodeIgniter\Model->doInsert([...])
 4 SYSTEMPATH\Model.php(729): CodeIgniter\BaseModel->insert([...], false)
 5 SYSTEMPATH\BaseModel.php(692): CodeIgniter\Model->insert([...], false)
 6 APPPATH\Controllers\Usuarios\Usuarios.php(76): CodeIgniter\BaseModel->save([...])
 7 SYSTEMPATH\CodeIgniter.php(934): App\Controllers\Usuarios\Usuarios->novo()
 8 SYSTEMPATH\CodeIgniter.php(499): CodeIgniter\CodeIgniter->runController(Object(App\Controllers\Usuarios\Usuarios))
 9 SYSTEMPATH\CodeIgniter.php(368): CodeIgniter\CodeIgniter->handleRequest(null, Object(Config\Cache), false)
10 FCPATH\index.php(67): CodeIgniter\CodeIgniter->run()
11 SYSTEMPATH\Commands\Server\rewrite.php(47): require_once('FCPATH\\index.php')
ERROR - 2023-09-03 19:41:39 --> mysqli_sql_exception: Cannot add or update a child row: a foreign key constraint fails (`atelier-teste`.`usuarios`, CONSTRAINT `usuarios_empresa_id_foreign` FOREIGN KEY (`empresa_id`) REFERENCES `empresas` (`id`)) in C:\wamp64\www\Atelier\backend\system\Database\MySQLi\Connection.php:295
Stack trace:
#0 C:\wamp64\www\Atelier\backend\system\Database\MySQLi\Connection.php(295): mysqli->query('INSERT INTO `us...', 0)
#1 C:\wamp64\www\Atelier\backend\system\Database\BaseConnection.php(691): CodeIgniter\Database\MySQLi\Connection->execute('INSERT INTO `us...')
#2 C:\wamp64\www\Atelier\backend\system\Database\BaseConnection.php(605): CodeIgniter\Database\BaseConnection->simpleQuery('INSERT INTO `us...')
#3 C:\wamp64\www\Atelier\backend\system\Database\BaseBuilder.php(2295): CodeIgniter\Database\BaseConnection->query('INSERT INTO `us...', Array, false)
#4 C:\wamp64\www\Atelier\backend\system\Model.php(329): CodeIgniter\Database\BaseBuilder->insert()
#5 C:\wamp64\www\Atelier\backend\system\BaseModel.php(782): CodeIgniter\Model->doInsert(Array)
#6 C:\wamp64\www\Atelier\backend\system\Model.php(729): CodeIgniter\BaseModel->insert(Array, false)
#7 C:\wamp64\www\Atelier\backend\system\BaseModel.php(692): CodeIgniter\Model->insert(Array, false)
#8 C:\wamp64\www\Atelier\backend\app\Controllers\Usuarios\Usuarios.php(76): CodeIgniter\BaseModel->save(Array)
#9 C:\wamp64\www\Atelier\backend\system\CodeIgniter.php(934): App\Controllers\Usuarios\Usuarios->novo()
#10 C:\wamp64\www\Atelier\backend\system\CodeIgniter.php(499): CodeIgniter\CodeIgniter->runController(Object(App\Controllers\Usuarios\Usuarios))
#11 C:\wamp64\www\Atelier\backend\system\CodeIgniter.php(368): CodeIgniter\CodeIgniter->handleRequest(NULL, Object(Config\Cache), false)
#12 C:\wamp64\www\Atelier\backend\public\index.php(67): CodeIgniter\CodeIgniter->run()
#13 C:\wamp64\www\Atelier\backend\system\Commands\Server\rewrite.php(47): require_once('C:\\wamp64\\www\\A...')
#14 {main}
CRITICAL - 2023-09-03 19:41:39 --> Cannot add or update a child row: a foreign key constraint fails (`atelier-teste`.`usuarios`, CONSTRAINT `usuarios_empresa_id_foreign` FOREIGN KEY (`empresa_id`) REFERENCES `empresas` (`id`))
in SYSTEMPATH\Database\BaseConnection.php on line 645.
 1 SYSTEMPATH\Database\BaseBuilder.php(2295): CodeIgniter\Database\BaseConnection->query('INSERT INTO `usuarios` (`usuario`, `senha`, `empresa_id`) VALUES (:usuario:, :senha:, :empresa_id:)', [...], false)
 2 SYSTEMPATH\Model.php(329): CodeIgniter\Database\BaseBuilder->insert()
 3 SYSTEMPATH\BaseModel.php(782): CodeIgniter\Model->doInsert([...])
 4 SYSTEMPATH\Model.php(729): CodeIgniter\BaseModel->insert([...], false)
 5 SYSTEMPATH\BaseModel.php(692): CodeIgniter\Model->insert([...], false)
 6 APPPATH\Controllers\Usuarios\Usuarios.php(76): CodeIgniter\BaseModel->save([...])
 7 SYSTEMPATH\CodeIgniter.php(934): App\Controllers\Usuarios\Usuarios->novo()
 8 SYSTEMPATH\CodeIgniter.php(499): CodeIgniter\CodeIgniter->runController(Object(App\Controllers\Usuarios\Usuarios))
 9 SYSTEMPATH\CodeIgniter.php(368): CodeIgniter\CodeIgniter->handleRequest(null, Object(Config\Cache), false)
10 FCPATH\index.php(67): CodeIgniter\CodeIgniter->run()
11 SYSTEMPATH\Commands\Server\rewrite.php(47): require_once('FCPATH\\index.php')
ERROR - 2023-09-03 19:42:10 --> mysqli_sql_exception: Cannot add or update a child row: a foreign key constraint fails (`atelier-teste`.`usuarios`, CONSTRAINT `usuarios_empresa_id_foreign` FOREIGN KEY (`empresa_id`) REFERENCES `empresas` (`id`)) in C:\wamp64\www\Atelier\backend\system\Database\MySQLi\Connection.php:295
Stack trace:
#0 C:\wamp64\www\Atelier\backend\system\Database\MySQLi\Connection.php(295): mysqli->query('INSERT INTO `us...', 0)
#1 C:\wamp64\www\Atelier\backend\system\Database\BaseConnection.php(691): CodeIgniter\Database\MySQLi\Connection->execute('INSERT INTO `us...')
#2 C:\wamp64\www\Atelier\backend\system\Database\BaseConnection.php(605): CodeIgniter\Database\BaseConnection->simpleQuery('INSERT INTO `us...')
#3 C:\wamp64\www\Atelier\backend\system\Database\BaseBuilder.php(2295): CodeIgniter\Database\BaseConnection->query('INSERT INTO `us...', Array, false)
#4 C:\wamp64\www\Atelier\backend\system\Model.php(329): CodeIgniter\Database\BaseBuilder->insert()
#5 C:\wamp64\www\Atelier\backend\system\BaseModel.php(782): CodeIgniter\Model->doInsert(Array)
#6 C:\wamp64\www\Atelier\backend\system\Model.php(729): CodeIgniter\BaseModel->insert(Array, false)
#7 C:\wamp64\www\Atelier\backend\system\BaseModel.php(692): CodeIgniter\Model->insert(Array, false)
#8 C:\wamp64\www\Atelier\backend\app\Controllers\Usuarios\Usuarios.php(76): CodeIgniter\BaseModel->save(Array)
#9 C:\wamp64\www\Atelier\backend\system\CodeIgniter.php(934): App\Controllers\Usuarios\Usuarios->novo()
#10 C:\wamp64\www\Atelier\backend\system\CodeIgniter.php(499): CodeIgniter\CodeIgniter->runController(Object(App\Controllers\Usuarios\Usuarios))
#11 C:\wamp64\www\Atelier\backend\system\CodeIgniter.php(368): CodeIgniter\CodeIgniter->handleRequest(NULL, Object(Config\Cache), false)
#12 C:\wamp64\www\Atelier\backend\public\index.php(67): CodeIgniter\CodeIgniter->run()
#13 C:\wamp64\www\Atelier\backend\system\Commands\Server\rewrite.php(47): require_once('C:\\wamp64\\www\\A...')
#14 {main}
CRITICAL - 2023-09-03 19:42:10 --> Cannot add or update a child row: a foreign key constraint fails (`atelier-teste`.`usuarios`, CONSTRAINT `usuarios_empresa_id_foreign` FOREIGN KEY (`empresa_id`) REFERENCES `empresas` (`id`))
in SYSTEMPATH\Database\BaseConnection.php on line 645.
 1 SYSTEMPATH\Database\BaseBuilder.php(2295): CodeIgniter\Database\BaseConnection->query('INSERT INTO `usuarios` (`usuario`, `senha`, `empresa_id`) VALUES (:usuario:, :senha:, :empresa_id:)', [...], false)
 2 SYSTEMPATH\Model.php(329): CodeIgniter\Database\BaseBuilder->insert()
 3 SYSTEMPATH\BaseModel.php(782): CodeIgniter\Model->doInsert([...])
 4 SYSTEMPATH\Model.php(729): CodeIgniter\BaseModel->insert([...], false)
 5 SYSTEMPATH\BaseModel.php(692): CodeIgniter\Model->insert([...], false)
 6 APPPATH\Controllers\Usuarios\Usuarios.php(76): CodeIgniter\BaseModel->save([...])
 7 SYSTEMPATH\CodeIgniter.php(934): App\Controllers\Usuarios\Usuarios->novo()
 8 SYSTEMPATH\CodeIgniter.php(499): CodeIgniter\CodeIgniter->runController(Object(App\Controllers\Usuarios\Usuarios))
 9 SYSTEMPATH\CodeIgniter.php(368): CodeIgniter\CodeIgniter->handleRequest(null, Object(Config\Cache), false)
10 FCPATH\index.php(67): CodeIgniter\CodeIgniter->run()
11 SYSTEMPATH\Commands\Server\rewrite.php(47): require_once('FCPATH\\index.php')
ERROR - 2023-09-03 19:42:40 --> mysqli_sql_exception: Cannot add or update a child row: a foreign key constraint fails (`atelier-teste`.`usuarios`, CONSTRAINT `usuarios_empresa_id_foreign` FOREIGN KEY (`empresa_id`) REFERENCES `empresas` (`id`)) in C:\wamp64\www\Atelier\backend\system\Database\MySQLi\Connection.php:295
Stack trace:
#0 C:\wamp64\www\Atelier\backend\system\Database\MySQLi\Connection.php(295): mysqli->query('INSERT INTO `us...', 0)
#1 C:\wamp64\www\Atelier\backend\system\Database\BaseConnection.php(691): CodeIgniter\Database\MySQLi\Connection->execute('INSERT INTO `us...')
#2 C:\wamp64\www\Atelier\backend\system\Database\BaseConnection.php(605): CodeIgniter\Database\BaseConnection->simpleQuery('INSERT INTO `us...')
#3 C:\wamp64\www\Atelier\backend\system\Database\BaseBuilder.php(2295): CodeIgniter\Database\BaseConnection->query('INSERT INTO `us...', Array, false)
#4 C:\wamp64\www\Atelier\backend\system\Model.php(329): CodeIgniter\Database\BaseBuilder->insert()
#5 C:\wamp64\www\Atelier\backend\system\BaseModel.php(782): CodeIgniter\Model->doInsert(Array)
#6 C:\wamp64\www\Atelier\backend\system\Model.php(729): CodeIgniter\BaseModel->insert(Array, false)
#7 C:\wamp64\www\Atelier\backend\system\BaseModel.php(692): CodeIgniter\Model->insert(Array, false)
#8 C:\wamp64\www\Atelier\backend\app\Controllers\Usuarios\Usuarios.php(76): CodeIgniter\BaseModel->save(Array)
#9 C:\wamp64\www\Atelier\backend\system\CodeIgniter.php(934): App\Controllers\Usuarios\Usuarios->novo()
#10 C:\wamp64\www\Atelier\backend\system\CodeIgniter.php(499): CodeIgniter\CodeIgniter->runController(Object(App\Controllers\Usuarios\Usuarios))
#11 C:\wamp64\www\Atelier\backend\system\CodeIgniter.php(368): CodeIgniter\CodeIgniter->handleRequest(NULL, Object(Config\Cache), false)
#12 C:\wamp64\www\Atelier\backend\public\index.php(67): CodeIgniter\CodeIgniter->run()
#13 C:\wamp64\www\Atelier\backend\system\Commands\Server\rewrite.php(47): require_once('C:\\wamp64\\www\\A...')
#14 {main}
CRITICAL - 2023-09-03 19:42:40 --> Cannot add or update a child row: a foreign key constraint fails (`atelier-teste`.`usuarios`, CONSTRAINT `usuarios_empresa_id_foreign` FOREIGN KEY (`empresa_id`) REFERENCES `empresas` (`id`))
in SYSTEMPATH\Database\BaseConnection.php on line 645.
 1 SYSTEMPATH\Database\BaseBuilder.php(2295): CodeIgniter\Database\BaseConnection->query('INSERT INTO `usuarios` (`usuario`, `senha`, `empresa_id`) VALUES (:usuario:, :senha:, :empresa_id:)', [...], false)
 2 SYSTEMPATH\Model.php(329): CodeIgniter\Database\BaseBuilder->insert()
 3 SYSTEMPATH\BaseModel.php(782): CodeIgniter\Model->doInsert([...])
 4 SYSTEMPATH\Model.php(729): CodeIgniter\BaseModel->insert([...], false)
 5 SYSTEMPATH\BaseModel.php(692): CodeIgniter\Model->insert([...], false)
 6 APPPATH\Controllers\Usuarios\Usuarios.php(76): CodeIgniter\BaseModel->save([...])
 7 SYSTEMPATH\CodeIgniter.php(934): App\Controllers\Usuarios\Usuarios->novo()
 8 SYSTEMPATH\CodeIgniter.php(499): CodeIgniter\CodeIgniter->runController(Object(App\Controllers\Usuarios\Usuarios))
 9 SYSTEMPATH\CodeIgniter.php(368): CodeIgniter\CodeIgniter->handleRequest(null, Object(Config\Cache), false)
10 FCPATH\index.php(67): CodeIgniter\CodeIgniter->run()
11 SYSTEMPATH\Commands\Server\rewrite.php(47): require_once('FCPATH\\index.php')
ERROR - 2023-09-03 19:43:03 --> mysqli_sql_exception: Cannot add or update a child row: a foreign key constraint fails (`atelier-teste`.`usuarios`, CONSTRAINT `usuarios_empresa_id_foreign` FOREIGN KEY (`empresa_id`) REFERENCES `empresas` (`id`)) in C:\wamp64\www\Atelier\backend\system\Database\MySQLi\Connection.php:295
Stack trace:
#0 C:\wamp64\www\Atelier\backend\system\Database\MySQLi\Connection.php(295): mysqli->query('INSERT INTO `us...', 0)
#1 C:\wamp64\www\Atelier\backend\system\Database\BaseConnection.php(691): CodeIgniter\Database\MySQLi\Connection->execute('INSERT INTO `us...')
#2 C:\wamp64\www\Atelier\backend\system\Database\BaseConnection.php(605): CodeIgniter\Database\BaseConnection->simpleQuery('INSERT INTO `us...')
#3 C:\wamp64\www\Atelier\backend\system\Database\BaseBuilder.php(2295): CodeIgniter\Database\BaseConnection->query('INSERT INTO `us...', Array, false)
#4 C:\wamp64\www\Atelier\backend\system\Model.php(329): CodeIgniter\Database\BaseBuilder->insert()
#5 C:\wamp64\www\Atelier\backend\system\BaseModel.php(782): CodeIgniter\Model->doInsert(Array)
#6 C:\wamp64\www\Atelier\backend\system\Model.php(729): CodeIgniter\BaseModel->insert(Array, false)
#7 C:\wamp64\www\Atelier\backend\system\BaseModel.php(692): CodeIgniter\Model->insert(Array, false)
#8 C:\wamp64\www\Atelier\backend\app\Controllers\Usuarios\Usuarios.php(76): CodeIgniter\BaseModel->save(Array)
#9 C:\wamp64\www\Atelier\backend\system\CodeIgniter.php(934): App\Controllers\Usuarios\Usuarios->novo()
#10 C:\wamp64\www\Atelier\backend\system\CodeIgniter.php(499): CodeIgniter\CodeIgniter->runController(Object(App\Controllers\Usuarios\Usuarios))
#11 C:\wamp64\www\Atelier\backend\system\CodeIgniter.php(368): CodeIgniter\CodeIgniter->handleRequest(NULL, Object(Config\Cache), false)
#12 C:\wamp64\www\Atelier\backend\public\index.php(67): CodeIgniter\CodeIgniter->run()
#13 C:\wamp64\www\Atelier\backend\system\Commands\Server\rewrite.php(47): require_once('C:\\wamp64\\www\\A...')
#14 {main}
CRITICAL - 2023-09-03 19:43:03 --> Cannot add or update a child row: a foreign key constraint fails (`atelier-teste`.`usuarios`, CONSTRAINT `usuarios_empresa_id_foreign` FOREIGN KEY (`empresa_id`) REFERENCES `empresas` (`id`))
in SYSTEMPATH\Database\BaseConnection.php on line 645.
 1 SYSTEMPATH\Database\BaseBuilder.php(2295): CodeIgniter\Database\BaseConnection->query('INSERT INTO `usuarios` (`usuario`, `senha`, `empresa_id`) VALUES (:usuario:, :senha:, :empresa_id:)', [...], false)
 2 SYSTEMPATH\Model.php(329): CodeIgniter\Database\BaseBuilder->insert()
 3 SYSTEMPATH\BaseModel.php(782): CodeIgniter\Model->doInsert([...])
 4 SYSTEMPATH\Model.php(729): CodeIgniter\BaseModel->insert([...], false)
 5 SYSTEMPATH\BaseModel.php(692): CodeIgniter\Model->insert([...], false)
 6 APPPATH\Controllers\Usuarios\Usuarios.php(76): CodeIgniter\BaseModel->save([...])
 7 SYSTEMPATH\CodeIgniter.php(934): App\Controllers\Usuarios\Usuarios->novo()
 8 SYSTEMPATH\CodeIgniter.php(499): CodeIgniter\CodeIgniter->runController(Object(App\Controllers\Usuarios\Usuarios))
 9 SYSTEMPATH\CodeIgniter.php(368): CodeIgniter\CodeIgniter->handleRequest(null, Object(Config\Cache), false)
10 FCPATH\index.php(67): CodeIgniter\CodeIgniter->run()
11 SYSTEMPATH\Commands\Server\rewrite.php(47): require_once('FCPATH\\index.php')
ERROR - 2023-09-03 19:44:35 --> mysqli_sql_exception: Cannot add or update a child row: a foreign key constraint fails (`atelier-teste`.`usuarios`, CONSTRAINT `usuarios_empresa_id_foreign` FOREIGN KEY (`empresa_id`) REFERENCES `empresas` (`id`)) in C:\wamp64\www\Atelier\backend\system\Database\MySQLi\Connection.php:295
Stack trace:
#0 C:\wamp64\www\Atelier\backend\system\Database\MySQLi\Connection.php(295): mysqli->query('INSERT INTO `us...', 0)
#1 C:\wamp64\www\Atelier\backend\system\Database\BaseConnection.php(691): CodeIgniter\Database\MySQLi\Connection->execute('INSERT INTO `us...')
#2 C:\wamp64\www\Atelier\backend\system\Database\BaseConnection.php(605): CodeIgniter\Database\BaseConnection->simpleQuery('INSERT INTO `us...')
#3 C:\wamp64\www\Atelier\backend\system\Database\BaseBuilder.php(2295): CodeIgniter\Database\BaseConnection->query('INSERT INTO `us...', Array, false)
#4 C:\wamp64\www\Atelier\backend\system\Model.php(329): CodeIgniter\Database\BaseBuilder->insert()
#5 C:\wamp64\www\Atelier\backend\system\BaseModel.php(782): CodeIgniter\Model->doInsert(Array)
#6 C:\wamp64\www\Atelier\backend\system\Model.php(729): CodeIgniter\BaseModel->insert(Array, false)
#7 C:\wamp64\www\Atelier\backend\system\BaseModel.php(692): CodeIgniter\Model->insert(Array, false)
#8 C:\wamp64\www\Atelier\backend\app\Controllers\Usuarios\Usuarios.php(76): CodeIgniter\BaseModel->save(Array)
#9 C:\wamp64\www\Atelier\backend\system\CodeIgniter.php(934): App\Controllers\Usuarios\Usuarios->novo()
#10 C:\wamp64\www\Atelier\backend\system\CodeIgniter.php(499): CodeIgniter\CodeIgniter->runController(Object(App\Controllers\Usuarios\Usuarios))
#11 C:\wamp64\www\Atelier\backend\system\CodeIgniter.php(368): CodeIgniter\CodeIgniter->handleRequest(NULL, Object(Config\Cache), false)
#12 C:\wamp64\www\Atelier\backend\public\index.php(67): CodeIgniter\CodeIgniter->run()
#13 C:\wamp64\www\Atelier\backend\system\Commands\Server\rewrite.php(47): require_once('C:\\wamp64\\www\\A...')
#14 {main}
CRITICAL - 2023-09-03 19:44:35 --> Cannot add or update a child row: a foreign key constraint fails (`atelier-teste`.`usuarios`, CONSTRAINT `usuarios_empresa_id_foreign` FOREIGN KEY (`empresa_id`) REFERENCES `empresas` (`id`))
in SYSTEMPATH\Database\BaseConnection.php on line 645.
 1 SYSTEMPATH\Database\BaseBuilder.php(2295): CodeIgniter\Database\BaseConnection->query('INSERT INTO `usuarios` (`usuario`, `senha`, `empresa_id`) VALUES (:usuario:, :senha:, :empresa_id:)', [...], false)
 2 SYSTEMPATH\Model.php(329): CodeIgniter\Database\BaseBuilder->insert()
 3 SYSTEMPATH\BaseModel.php(782): CodeIgniter\Model->doInsert([...])
 4 SYSTEMPATH\Model.php(729): CodeIgniter\BaseModel->insert([...], false)
 5 SYSTEMPATH\BaseModel.php(692): CodeIgniter\Model->insert([...], false)
 6 APPPATH\Controllers\Usuarios\Usuarios.php(76): CodeIgniter\BaseModel->save([...])
 7 SYSTEMPATH\CodeIgniter.php(934): App\Controllers\Usuarios\Usuarios->novo()
 8 SYSTEMPATH\CodeIgniter.php(499): CodeIgniter\CodeIgniter->runController(Object(App\Controllers\Usuarios\Usuarios))
 9 SYSTEMPATH\CodeIgniter.php(368): CodeIgniter\CodeIgniter->handleRequest(null, Object(Config\Cache), false)
10 FCPATH\index.php(67): CodeIgniter\CodeIgniter->run()
11 SYSTEMPATH\Commands\Server\rewrite.php(47): require_once('FCPATH\\index.php')
ERROR - 2023-09-03 19:46:06 --> mysqli_sql_exception: Cannot add or update a child row: a foreign key constraint fails (`atelier-teste`.`usuarios`, CONSTRAINT `usuarios_empresa_id_foreign` FOREIGN KEY (`empresa_id`) REFERENCES `empresas` (`id`)) in C:\wamp64\www\Atelier\backend\system\Database\MySQLi\Connection.php:295
Stack trace:
#0 C:\wamp64\www\Atelier\backend\system\Database\MySQLi\Connection.php(295): mysqli->query('INSERT INTO `us...', 0)
#1 C:\wamp64\www\Atelier\backend\system\Database\BaseConnection.php(691): CodeIgniter\Database\MySQLi\Connection->execute('INSERT INTO `us...')
#2 C:\wamp64\www\Atelier\backend\system\Database\BaseConnection.php(605): CodeIgniter\Database\BaseConnection->simpleQuery('INSERT INTO `us...')
#3 C:\wamp64\www\Atelier\backend\system\Database\BaseBuilder.php(2295): CodeIgniter\Database\BaseConnection->query('INSERT INTO `us...', Array, false)
#4 C:\wamp64\www\Atelier\backend\system\Model.php(329): CodeIgniter\Database\BaseBuilder->insert()
#5 C:\wamp64\www\Atelier\backend\system\BaseModel.php(782): CodeIgniter\Model->doInsert(Array)
#6 C:\wamp64\www\Atelier\backend\system\Model.php(729): CodeIgniter\BaseModel->insert(Array, false)
#7 C:\wamp64\www\Atelier\backend\system\BaseModel.php(692): CodeIgniter\Model->insert(Array, false)
#8 C:\wamp64\www\Atelier\backend\app\Controllers\Usuarios\Usuarios.php(76): CodeIgniter\BaseModel->save(Array)
#9 C:\wamp64\www\Atelier\backend\system\CodeIgniter.php(934): App\Controllers\Usuarios\Usuarios->novo()
#10 C:\wamp64\www\Atelier\backend\system\CodeIgniter.php(499): CodeIgniter\CodeIgniter->runController(Object(App\Controllers\Usuarios\Usuarios))
#11 C:\wamp64\www\Atelier\backend\system\CodeIgniter.php(368): CodeIgniter\CodeIgniter->handleRequest(NULL, Object(Config\Cache), false)
#12 C:\wamp64\www\Atelier\backend\public\index.php(67): CodeIgniter\CodeIgniter->run()
#13 C:\wamp64\www\Atelier\backend\system\Commands\Server\rewrite.php(47): require_once('C:\\wamp64\\www\\A...')
#14 {main}
CRITICAL - 2023-09-03 19:46:06 --> Cannot add or update a child row: a foreign key constraint fails (`atelier-teste`.`usuarios`, CONSTRAINT `usuarios_empresa_id_foreign` FOREIGN KEY (`empresa_id`) REFERENCES `empresas` (`id`))
in SYSTEMPATH\Database\BaseConnection.php on line 645.
 1 SYSTEMPATH\Database\BaseBuilder.php(2295): CodeIgniter\Database\BaseConnection->query('INSERT INTO `usuarios` (`usuario`, `senha`, `empresa_id`) VALUES (:usuario:, :senha:, :empresa_id:)', [...], false)
 2 SYSTEMPATH\Model.php(329): CodeIgniter\Database\BaseBuilder->insert()
 3 SYSTEMPATH\BaseModel.php(782): CodeIgniter\Model->doInsert([...])
 4 SYSTEMPATH\Model.php(729): CodeIgniter\BaseModel->insert([...], false)
 5 SYSTEMPATH\BaseModel.php(692): CodeIgniter\Model->insert([...], false)
 6 APPPATH\Controllers\Usuarios\Usuarios.php(76): CodeIgniter\BaseModel->save([...])
 7 SYSTEMPATH\CodeIgniter.php(934): App\Controllers\Usuarios\Usuarios->novo()
 8 SYSTEMPATH\CodeIgniter.php(499): CodeIgniter\CodeIgniter->runController(Object(App\Controllers\Usuarios\Usuarios))
 9 SYSTEMPATH\CodeIgniter.php(368): CodeIgniter\CodeIgniter->handleRequest(null, Object(Config\Cache), false)
10 FCPATH\index.php(67): CodeIgniter\CodeIgniter->run()
11 SYSTEMPATH\Commands\Server\rewrite.php(47): require_once('FCPATH\\index.php')
ERROR - 2023-09-03 19:47:02 --> mysqli_sql_exception: Cannot add or update a child row: a foreign key constraint fails (`atelier-teste`.`usuarios`, CONSTRAINT `usuarios_empresa_id_foreign` FOREIGN KEY (`empresa_id`) REFERENCES `empresas` (`id`)) in C:\wamp64\www\Atelier\backend\system\Database\MySQLi\Connection.php:295
Stack trace:
#0 C:\wamp64\www\Atelier\backend\system\Database\MySQLi\Connection.php(295): mysqli->query('INSERT INTO `us...', 0)
#1 C:\wamp64\www\Atelier\backend\system\Database\BaseConnection.php(691): CodeIgniter\Database\MySQLi\Connection->execute('INSERT INTO `us...')
#2 C:\wamp64\www\Atelier\backend\system\Database\BaseConnection.php(605): CodeIgniter\Database\BaseConnection->simpleQuery('INSERT INTO `us...')
#3 C:\wamp64\www\Atelier\backend\system\Database\BaseBuilder.php(2295): CodeIgniter\Database\BaseConnection->query('INSERT INTO `us...', Array, false)
#4 C:\wamp64\www\Atelier\backend\system\Model.php(329): CodeIgniter\Database\BaseBuilder->insert()
#5 C:\wamp64\www\Atelier\backend\system\BaseModel.php(782): CodeIgniter\Model->doInsert(Array)
#6 C:\wamp64\www\Atelier\backend\system\Model.php(729): CodeIgniter\BaseModel->insert(Array, false)
#7 C:\wamp64\www\Atelier\backend\system\BaseModel.php(692): CodeIgniter\Model->insert(Array, false)
#8 C:\wamp64\www\Atelier\backend\app\Controllers\Usuarios\Usuarios.php(76): CodeIgniter\BaseModel->save(Array)
#9 C:\wamp64\www\Atelier\backend\system\CodeIgniter.php(934): App\Controllers\Usuarios\Usuarios->novo()
#10 C:\wamp64\www\Atelier\backend\system\CodeIgniter.php(499): CodeIgniter\CodeIgniter->runController(Object(App\Controllers\Usuarios\Usuarios))
#11 C:\wamp64\www\Atelier\backend\system\CodeIgniter.php(368): CodeIgniter\CodeIgniter->handleRequest(NULL, Object(Config\Cache), false)
#12 C:\wamp64\www\Atelier\backend\public\index.php(67): CodeIgniter\CodeIgniter->run()
#13 C:\wamp64\www\Atelier\backend\system\Commands\Server\rewrite.php(47): require_once('C:\\wamp64\\www\\A...')
#14 {main}
CRITICAL - 2023-09-03 19:47:02 --> Cannot add or update a child row: a foreign key constraint fails (`atelier-teste`.`usuarios`, CONSTRAINT `usuarios_empresa_id_foreign` FOREIGN KEY (`empresa_id`) REFERENCES `empresas` (`id`))
in SYSTEMPATH\Database\BaseConnection.php on line 645.
 1 SYSTEMPATH\Database\BaseBuilder.php(2295): CodeIgniter\Database\BaseConnection->query('INSERT INTO `usuarios` (`usuario`, `senha`, `empresa_id`) VALUES (:usuario:, :senha:, :empresa_id:)', [...], false)
 2 SYSTEMPATH\Model.php(329): CodeIgniter\Database\BaseBuilder->insert()
 3 SYSTEMPATH\BaseModel.php(782): CodeIgniter\Model->doInsert([...])
 4 SYSTEMPATH\Model.php(729): CodeIgniter\BaseModel->insert([...], false)
 5 SYSTEMPATH\BaseModel.php(692): CodeIgniter\Model->insert([...], false)
 6 APPPATH\Controllers\Usuarios\Usuarios.php(76): CodeIgniter\BaseModel->save([...])
 7 SYSTEMPATH\CodeIgniter.php(934): App\Controllers\Usuarios\Usuarios->novo()
 8 SYSTEMPATH\CodeIgniter.php(499): CodeIgniter\CodeIgniter->runController(Object(App\Controllers\Usuarios\Usuarios))
 9 SYSTEMPATH\CodeIgniter.php(368): CodeIgniter\CodeIgniter->handleRequest(null, Object(Config\Cache), false)
10 FCPATH\index.php(67): CodeIgniter\CodeIgniter->run()
11 SYSTEMPATH\Commands\Server\rewrite.php(47): require_once('FCPATH\\index.php')
